#
# There is insufficient memory for the Java Runtime Environment to continue.
# Native memory allocation (malloc) failed to allocate 349569024 bytes for committing reserved memory.
# Possible reasons:
#   The system is out of physical RAM or swap space
#   In 32 bit mode, the process size limit was hit
# Possible solutions:
#   Reduce memory load on the system
#   Increase physical memory or swap space
#   Check if swap backing store is full
#   Use 64 bit Java on a 64 bit OS
#   Decrease Java heap size (-Xmx/-Xms)
#   Decrease number of Java threads
#   Decrease Java thread stack sizes (-Xss)
#   Set larger code cache with -XX:ReservedCodeCacheSize=
# This output file may be truncated or incomplete.
#
#  Out of Memory Error (os_linux.cpp:2827), pid=1429, tid=140330837133056
#
# JRE version:  (7.0_121) (build )
# Java VM: OpenJDK 64-Bit Server VM (24.121-b00 mixed mode linux-amd64 compressed oops)
# Derivative: IcedTea 2.6.8
# Distribution: Ubuntu 14.04 LTS, package 7u121-2.6.8-1ubuntu0.14.04.3
# Failed to write core dump. Core dumps have been disabled. To enable core dumping, try "ulimit -c unlimited" before starting Java again
#

---------------  T H R E A D  ---------------

Current thread (0x00007fa14800a000):  JavaThread "Unknown thread" [_thread_in_vm, id=1430, stack(0x00007fa151a2c000,0x00007fa151b2d000)]

Stack: [0x00007fa151a2c000,0x00007fa151b2d000],  sp=0x00007fa151b2b4c0,  free space=1021k
Native frames: (J=compiled Java code, j=interpreted, Vv=VM code, C=native code)
V  [libjvm.so+0x95d975]
V  [libjvm.so+0x497ad4]
V  [libjvm.so+0x7d6a6b]
V  [libjvm.so+0x7d142f]
V  [libjvm.so+0x95a834]
V  [libjvm.so+0x57024b]
V  [libjvm.so+0x908c83]
V  [libjvm.so+0x570d27]
V  [libjvm.so+0x562e32]
V  [libjvm.so+0x92dfd7]
V  [libjvm.so+0x92e313]
V  [libjvm.so+0x5ab0d5]
V  [libjvm.so+0x913e1f]
V  [libjvm.so+0x616ca4]  JNI_CreateJavaVM+0x54
C  [libjli.so+0x2b48]


---------------  P R O C E S S  ---------------

Java Threads: ( => current thread )

Other Threads:

=>0x00007fa14800a000 (exited) JavaThread "Unknown thread" [_thread_in_vm, id=1430, stack(0x00007fa151a2c000,0x00007fa151b2d000)]

VM state:not at safepoint (not fully initialized)

VM Mutex/Monitor currently owned by a thread: None

GC Heap History (0 events):
No events

Deoptimization events (0 events):
No events

Internal exceptions (0 events):
No events

Events (0 events):
No events


Dynamic libraries:
00400000-00401000 r-xp 00000000 ca:01 5145                               /usr/lib/jvm/java-7-openjdk-amd64/jre/bin/java
00600000-00601000 r--p 00000000 ca:01 5145                               /usr/lib/jvm/java-7-openjdk-amd64/jre/bin/java
00601000-00602000 rw-p 00001000 ca:01 5145                               /usr/lib/jvm/java-7-openjdk-amd64/jre/bin/java
016e7000-01708000 rw-p 00000000 00:00 0                                  [heap]
cee00000-d94a0000 rw-p 00000000 00:00 0 
d94a0000-dbca0000 rw-p 00000000 00:00 0 
f0a00000-100000000 rw-p 00000000 00:00 0 
7fa145000000-7fa145270000 rwxp 00000000 00:00 0 
7fa145270000-7fa148024000 rw-p 00000000 00:00 0 
7fa148024000-7fa14c000000 ---p 00000000 00:00 0 
7fa14e4bf000-7fa14e513000 rw-p 00000000 00:00 0 
7fa14e513000-7fa14e648000 rw-p 00000000 00:00 0 
7fa14e648000-7fa14e649000 rw-p 00000000 00:00 0 
7fa14e649000-7fa14e651000 r-xp 00000000 ca:01 5100                       /usr/lib/jvm/java-7-openjdk-amd64/jre/lib/amd64/libzip.so
7fa14e651000-7fa14e850000 ---p 00008000 ca:01 5100                       /usr/lib/jvm/java-7-openjdk-amd64/jre/lib/amd64/libzip.so
7fa14e850000-7fa14e851000 r--p 00007000 ca:01 5100                       /usr/lib/jvm/java-7-openjdk-amd64/jre/lib/amd64/libzip.so
7fa14e851000-7fa14e852000 rw-p 00008000 ca:01 5100                       /usr/lib/jvm/java-7-openjdk-amd64/jre/lib/amd64/libzip.so
7fa14e852000-7fa14e85c000 r-xp 00000000 ca:01 411044                     /lib/x86_64-linux-gnu/libnss_files-2.19.so
7fa14e85c000-7fa14ea5b000 ---p 0000a000 ca:01 411044                     /lib/x86_64-linux-gnu/libnss_files-2.19.so
7fa14ea5b000-7fa14ea5c000 r--p 00009000 ca:01 411044                     /lib/x86_64-linux-gnu/libnss_files-2.19.so
7fa14ea5c000-7fa14ea5d000 rw-p 0000a000 ca:01 411044                     /lib/x86_64-linux-gnu/libnss_files-2.19.so
7fa14ea5d000-7fa14ea68000 r-xp 00000000 ca:01 411035                     /lib/x86_64-linux-gnu/libnss_nis-2.19.so
7fa14ea68000-7fa14ec67000 ---p 0000b000 ca:01 411035                     /lib/x86_64-linux-gnu/libnss_nis-2.19.so
7fa14ec67000-7fa14ec68000 r--p 0000a000 ca:01 411035                     /lib/x86_64-linux-gnu/libnss_nis-2.19.so
7fa14ec68000-7fa14ec69000 rw-p 0000b000 ca:01 411035                     /lib/x86_64-linux-gnu/libnss_nis-2.19.so
7fa14ec69000-7fa14ec80000 r-xp 00000000 ca:01 411030                     /lib/x86_64-linux-gnu/libnsl-2.19.so
7fa14ec80000-7fa14ee7f000 ---p 00017000 ca:01 411030                     /lib/x86_64-linux-gnu/libnsl-2.19.so
7fa14ee7f000-7fa14ee80000 r--p 00016000 ca:01 411030                     /lib/x86_64-linux-gnu/libnsl-2.19.so
7fa14ee80000-7fa14ee81000 rw-p 00017000 ca:01 411030                     /lib/x86_64-linux-gnu/libnsl-2.19.so
7fa14ee81000-7fa14ee83000 rw-p 00000000 00:00 0 
7fa14ee83000-7fa14ee8c000 r-xp 00000000 ca:01 411029                     /lib/x86_64-linux-gnu/libnss_compat-2.19.so
7fa14ee8c000-7fa14f08b000 ---p 00009000 ca:01 411029                     /lib/x86_64-linux-gnu/libnss_compat-2.19.so
7fa14f08b000-7fa14f08c000 r--p 00008000 ca:01 411029                     /lib/x86_64-linux-gnu/libnss_compat-2.19.so
7fa14f08c000-7fa14f08d000 rw-p 00009000 ca:01 411029                     /lib/x86_64-linux-gnu/libnss_compat-2.19.so
7fa14f08d000-7fa14f0b7000 r-xp 00000000 ca:01 5072                       /usr/lib/jvm/java-7-openjdk-amd64/jre/lib/amd64/libjava.so
7fa14f0b7000-7fa14f2b7000 ---p 0002a000 ca:01 5072                       /usr/lib/jvm/java-7-openjdk-amd64/jre/lib/amd64/libjava.so
7fa14f2b7000-7fa14f2b8000 r--p 0002a000 ca:01 5072                       /usr/lib/jvm/java-7-openjdk-amd64/jre/lib/amd64/libjava.so
7fa14f2b8000-7fa14f2ba000 rw-p 0002b000 ca:01 5072                       /usr/lib/jvm/java-7-openjdk-amd64/jre/lib/amd64/libjava.so
7fa14f2ba000-7fa14f2ca000 r-xp 00000000 ca:01 5136                       /usr/lib/jvm/java-7-openjdk-amd64/jre/lib/amd64/libverify.so
7fa14f2ca000-7fa14f4c9000 ---p 00010000 ca:01 5136                       /usr/lib/jvm/java-7-openjdk-amd64/jre/lib/amd64/libverify.so
7fa14f4c9000-7fa14f4cb000 r--p 0000f000 ca:01 5136                       /usr/lib/jvm/java-7-openjdk-amd64/jre/lib/amd64/libverify.so
7fa14f4cb000-7fa14f4cc000 rw-p 00011000 ca:01 5136                       /usr/lib/jvm/java-7-openjdk-amd64/jre/lib/amd64/libverify.so
7fa14f4cc000-7fa14f4d3000 r-xp 00000000 ca:01 411040                     /lib/x86_64-linux-gnu/librt-2.19.so
7fa14f4d3000-7fa14f6d2000 ---p 00007000 ca:01 411040                     /lib/x86_64-linux-gnu/librt-2.19.so
7fa14f6d2000-7fa14f6d3000 r--p 00006000 ca:01 411040                     /lib/x86_64-linux-gnu/librt-2.19.so
7fa14f6d3000-7fa14f6d4000 rw-p 00007000 ca:01 411040                     /lib/x86_64-linux-gnu/librt-2.19.so
7fa14f6d4000-7fa14f6ea000 r-xp 00000000 ca:01 396061                     /lib/x86_64-linux-gnu/libgcc_s.so.1
7fa14f6ea000-7fa14f8e9000 ---p 00016000 ca:01 396061                     /lib/x86_64-linux-gnu/libgcc_s.so.1
7fa14f8e9000-7fa14f8ea000 rw-p 00015000 ca:01 396061                     /lib/x86_64-linux-gnu/libgcc_s.so.1
7fa14f8ea000-7fa14f9ef000 r-xp 00000000 ca:01 411018                     /lib/x86_64-linux-gnu/libm-2.19.so
7fa14f9ef000-7fa14fbee000 ---p 00105000 ca:01 411018                     /lib/x86_64-linux-gnu/libm-2.19.so
7fa14fbee000-7fa14fbef000 r--p 00104000 ca:01 411018                     /lib/x86_64-linux-gnu/libm-2.19.so
7fa14fbef000-7fa14fbf0000 rw-p 00105000 ca:01 411018                     /lib/x86_64-linux-gnu/libm-2.19.so
7fa14fbf0000-7fa14fcd6000 r-xp 00000000 ca:01 861                        /usr/lib/x86_64-linux-gnu/libstdc++.so.6.0.19
7fa14fcd6000-7fa14fed5000 ---p 000e6000 ca:01 861                        /usr/lib/x86_64-linux-gnu/libstdc++.so.6.0.19
7fa14fed5000-7fa14fedd000 r--p 000e5000 ca:01 861                        /usr/lib/x86_64-linux-gnu/libstdc++.so.6.0.19
7fa14fedd000-7fa14fedf000 rw-p 000ed000 ca:01 861                        /usr/lib/x86_64-linux-gnu/libstdc++.so.6.0.19
7fa14fedf000-7fa14fef4000 rw-p 00000000 00:00 0 
7fa14fef4000-7fa150a22000 r-xp 00000000 ca:01 5098                       /usr/lib/jvm/java-7-openjdk-amd64/jre/lib/amd64/server/libjvm.so
7fa150a22000-7fa150c22000 ---p 00b2e000 ca:01 5098                       /usr/lib/jvm/java-7-openjdk-amd64/jre/lib/amd64/server/libjvm.so
7fa150c22000-7fa150cbc000 r--p 00b2e000 ca:01 5098                       /usr/lib/jvm/java-7-openjdk-amd64/jre/lib/amd64/server/libjvm.so
7fa150cbc000-7fa150cdf000 rw-p 00bc8000 ca:01 5098                       /usr/lib/jvm/java-7-openjdk-amd64/jre/lib/amd64/server/libjvm.so
7fa150cdf000-7fa150d0e000 rw-p 00000000 00:00 0 
7fa150d0e000-7fa150d26000 r-xp 00000000 ca:01 396120                     /lib/x86_64-linux-gnu/libz.so.1.2.8
7fa150d26000-7fa150f25000 ---p 00018000 ca:01 396120                     /lib/x86_64-linux-gnu/libz.so.1.2.8
7fa150f25000-7fa150f26000 r--p 00017000 ca:01 396120                     /lib/x86_64-linux-gnu/libz.so.1.2.8
7fa150f26000-7fa150f27000 rw-p 00018000 ca:01 396120                     /lib/x86_64-linux-gnu/libz.so.1.2.8
7fa150f27000-7fa150f40000 r-xp 00000000 ca:01 411031                     /lib/x86_64-linux-gnu/libpthread-2.19.so
7fa150f40000-7fa15113f000 ---p 00019000 ca:01 411031                     /lib/x86_64-linux-gnu/libpthread-2.19.so
7fa15113f000-7fa151140000 r--p 00018000 ca:01 411031                     /lib/x86_64-linux-gnu/libpthread-2.19.so
7fa151140000-7fa151141000 rw-p 00019000 ca:01 411031                     /lib/x86_64-linux-gnu/libpthread-2.19.so
7fa151141000-7fa151145000 rw-p 00000000 00:00 0 
7fa151145000-7fa151148000 r-xp 00000000 ca:01 411025                     /lib/x86_64-linux-gnu/libdl-2.19.so
7fa151148000-7fa151347000 ---p 00003000 ca:01 411025                     /lib/x86_64-linux-gnu/libdl-2.19.so
7fa151347000-7fa151348000 r--p 00002000 ca:01 411025                     /lib/x86_64-linux-gnu/libdl-2.19.so
7fa151348000-7fa151349000 rw-p 00003000 ca:01 411025                     /lib/x86_64-linux-gnu/libdl-2.19.so
7fa151349000-7fa151503000 r-xp 00000000 ca:01 411041                     /lib/x86_64-linux-gnu/libc-2.19.so
7fa151503000-7fa151703000 ---p 001ba000 ca:01 411041                     /lib/x86_64-linux-gnu/libc-2.19.so
7fa151703000-7fa151707000 r--p 001ba000 ca:01 411041                     /lib/x86_64-linux-gnu/libc-2.19.so
7fa151707000-7fa151709000 rw-p 001be000 ca:01 411041                     /lib/x86_64-linux-gnu/libc-2.19.so
7fa151709000-7fa15170e000 rw-p 00000000 00:00 0 
7fa15170e000-7fa15171b000 r-xp 00000000 ca:01 5078                       /usr/lib/jvm/java-7-openjdk-amd64/jre/lib/amd64/jli/libjli.so
7fa15171b000-7fa15191a000 ---p 0000d000 ca:01 5078                       /usr/lib/jvm/java-7-openjdk-amd64/jre/lib/amd64/jli/libjli.so
7fa15191a000-7fa15191b000 r--p 0000c000 ca:01 5078                       /usr/lib/jvm/java-7-openjdk-amd64/jre/lib/amd64/jli/libjli.so
7fa15191b000-7fa15191c000 rw-p 0000d000 ca:01 5078                       /usr/lib/jvm/java-7-openjdk-amd64/jre/lib/amd64/jli/libjli.so
7fa15191c000-7fa15193f000 r-xp 00000000 ca:01 411033                     /lib/x86_64-linux-gnu/ld-2.19.so
7fa15196a000-7fa151976000 rw-p 00000000 00:00 0 
7fa151976000-7fa151a2c000 rw-p 00000000 00:00 0 
7fa151a2c000-7fa151a2f000 ---p 00000000 00:00 0 
7fa151a2f000-7fa151b32000 rw-p 00000000 00:00 0                          [stack:1430]
7fa151b32000-7fa151b3a000 rw-s 00000000 ca:01 2154                       /tmp/hsperfdata_www-data/1429
7fa151b3a000-7fa151b3b000 rw-p 00000000 00:00 0 
7fa151b3b000-7fa151b3c000 r--p 00000000 00:00 0 
7fa151b3c000-7fa151b3e000 rw-p 00000000 00:00 0 
7fa151b3e000-7fa151b3f000 r--p 00022000 ca:01 411033                     /lib/x86_64-linux-gnu/ld-2.19.so
7fa151b3f000-7fa151b40000 rw-p 00023000 ca:01 411033                     /lib/x86_64-linux-gnu/ld-2.19.so
7fa151b40000-7fa151b41000 rw-p 00000000 00:00 0 
7fffd8bab000-7fffd8bcc000 rw-p 00000000 00:00 0                          [stack]
7fffd8bd5000-7fffd8bd7000 r-xp 00000000 00:00 0                          [vdso]
ffffffffff600000-ffffffffff601000 r-xp 00000000 00:00 0                  [vsyscall]

VM Arguments:
jvm_args: -Xms500M -Xmx620M 
java_command: minecraft_server.jar nogui
Launcher Type: SUN_STANDARD

Environment Variables:
PATH=/usr/local/sbin:/usr/local/bin:/usr/sbin:/usr/bin:/sbin:/bin
SHELL=/bin/sh

Signal Handlers:
SIGSEGV: [libjvm.so+0x95e460], sa_mask[0]=0x7ffbfeff, sa_flags=0x10000004
SIGBUS: [libjvm.so+0x95e460], sa_mask[0]=0x7ffbfeff, sa_flags=0x10000004
SIGFPE: [libjvm.so+0x7d2030], sa_mask[0]=0x7ffbfeff, sa_flags=0x10000004
SIGPIPE: [libjvm.so+0x7d2030], sa_mask[0]=0x7ffbfeff, sa_flags=0x10000004
SIGXFSZ: [libjvm.so+0x7d2030], sa_mask[0]=0x7ffbfeff, sa_flags=0x10000004
SIGILL: [libjvm.so+0x7d2030], sa_mask[0]=0x7ffbfeff, sa_flags=0x10000004
SIGUSR1: SIG_DFL, sa_mask[0]=0x00000000, sa_flags=0x00000000
SIGUSR2: [libjvm.so+0x7d2160], sa_mask[0]=0x00000000, sa_flags=0x10000004
SIGHUP: SIG_DFL, sa_mask[0]=0x00000000, sa_flags=0x00000000
SIGINT: SIG_DFL, sa_mask[0]=0x00000000, sa_flags=0x00000000
SIGTERM: SIG_DFL, sa_mask[0]=0x00000000, sa_flags=0x00000000
SIGQUIT: SIG_DFL, sa_mask[0]=0x00000000, sa_flags=0x00000000
SIGTRAP: SIG_DFL, sa_mask[0]=0x00000000, sa_flags=0x00000000


---------------  S Y S T E M  ---------------

OS:Ubuntu 14.04 (trusty)
uname:Linux 3.13.0-110-generic #157-Ubuntu SMP Mon Feb 20 11:54:05 UTC 2017 x86_64
libc:glibc 2.19 NPTL 2.19 
rlimit: STACK 8192k, CORE 0k, NPROC 7858, NOFILE 8192, AS infinity
load average:0.47 0.13 0.08

/proc/meminfo:
MemTotal:        1016284 kB
MemFree:          207660 kB
Buffers:           16548 kB
Cached:           162816 kB
SwapCached:            0 kB
Active:           646508 kB
Inactive:         118588 kB
Active(anon):     585868 kB
Inactive(anon):     5716 kB
Active(file):      60640 kB
Inactive(file):   112872 kB
Unevictable:           0 kB
Mlocked:               0 kB
SwapTotal:             0 kB
SwapFree:              0 kB
Dirty:               216 kB
Writeback:             0 kB
AnonPages:        585816 kB
Mapped:            32040 kB
Shmem:              5804 kB
Slab:              24472 kB
SReclaimable:      14440 kB
SUnreclaim:        10032 kB
KernelStack:        1392 kB
PageTables:         5852 kB
NFS_Unstable:          0 kB
Bounce:                0 kB
WritebackTmp:          0 kB
CommitLimit:      508140 kB
Committed_AS:    1113724 kB
VmallocTotal:   34359738367 kB
VmallocUsed:        4440 kB
VmallocChunk:   34359728172 kB
HardwareCorrupted:     0 kB
AnonHugePages:    477184 kB
HugePages_Total:       0
HugePages_Free:        0
HugePages_Rsvd:        0
HugePages_Surp:        0
Hugepagesize:       2048 kB
DirectMap4k:       28672 kB
DirectMap2M:     1150976 kB


CPU:total 1 (1 cores per cpu, 1 threads per core) family 6 model 62 stepping 4, cmov, cx8, fxsr, mmx, sse, sse2, sse3, ssse3, sse4.1, sse4.2, popcnt, avx, aes, erms, tsc

/proc/cpuinfo:
processor	: 0
vendor_id	: GenuineIntel
cpu family	: 6
model		: 62
model name	: Intel(R) Xeon(R) CPU E5-2670 v2 @ 2.50GHz
stepping	: 4
microcode	: 0x416
cpu MHz		: 2500.060
cache size	: 25600 KB
physical id	: 0
siblings	: 1
core id		: 0
cpu cores	: 1
apicid		: 0
initial apicid	: 0
fpu		: yes
fpu_exception	: yes
cpuid level	: 13
wp		: yes
flags		: fpu vme de pse tsc msr pae mce cx8 apic sep mtrr pge mca cmov pat pse36 clflush mmx fxsr sse sse2 ht syscall nx rdtscp lm constant_tsc rep_good nopl xtopology eagerfpu pni pclmulqdq ssse3 cx16 pcid sse4_1 sse4_2 x2apic popcnt tsc_deadline_timer aes xsave avx f16c rdrand hypervisor lahf_lm xsaveopt fsgsbase smep erms
bogomips	: 5000.12
clflush size	: 64
cache_alignment	: 64
address sizes	: 46 bits physical, 48 bits virtual
power management:



Memory: 4k page, physical 1016284k(207660k free), swap 0k(0k free)

vm_info: OpenJDK 64-Bit Server VM (24.121-b00) for linux-amd64 JRE (1.7.0_121-b00), built on Feb  7 2017 18:45:58 by "buildd" with gcc 4.8.4

time: Sun Mar 12 20:52:52 2017
elapsed time: 0 seconds

