#
# There is insufficient memory for the Java Runtime Environment to continue.
# Native memory allocation (malloc) failed to allocate 174718976 bytes for committing reserved memory.
# Possible reasons:
#   The system is out of physical RAM or swap space
#   In 32 bit mode, the process size limit was hit
# Possible solutions:
#   Reduce memory load on the system
#   Increase physical memory or swap space
#   Check if swap backing store is full
#   Use 64 bit Java on a 64 bit OS
#   Decrease Java heap size (-Xmx/-Xms)
#   Decrease number of Java threads
#   Decrease Java thread stack sizes (-Xss)
#   Set larger code cache with -XX:ReservedCodeCacheSize=
# This output file may be truncated or incomplete.
#
#  Out of Memory Error (os_linux.cpp:2827), pid=10741, tid=140513548211968
#
# JRE version:  (7.0_121) (build )
# Java VM: OpenJDK 64-Bit Server VM (24.121-b00 mixed mode linux-amd64 compressed oops)
# Derivative: IcedTea 2.6.8
# Distribution: Ubuntu 14.04 LTS, package 7u121-2.6.8-1ubuntu0.14.04.3
# Failed to write core dump. Core dumps have been disabled. To enable core dumping, try "ulimit -c unlimited" before starting Java again
#

---------------  T H R E A D  ---------------

Current thread (0x00007fcbd400a000):  JavaThread "Unknown thread" [_thread_in_vm, id=10742, stack(0x00007fcbdc109000,0x00007fcbdc20a000)]

Stack: [0x00007fcbdc109000,0x00007fcbdc20a000],  sp=0x00007fcbdc208580,  free space=1021k
Native frames: (J=compiled Java code, j=interpreted, Vv=VM code, C=native code)
V  [libjvm.so+0x95d975]
V  [libjvm.so+0x497ad4]
V  [libjvm.so+0x7d6a6b]
V  [libjvm.so+0x7d142f]
V  [libjvm.so+0x95a834]
V  [libjvm.so+0x56fe05]
V  [libjvm.so+0x49c4d8]
V  [libjvm.so+0x571087]
V  [libjvm.so+0x562e32]
V  [libjvm.so+0x92dfd7]
V  [libjvm.so+0x92e313]
V  [libjvm.so+0x5ab0d5]
V  [libjvm.so+0x913e1f]
V  [libjvm.so+0x616ca4]  JNI_CreateJavaVM+0x54
C  [libjli.so+0x2b48]


---------------  P R O C E S S  ---------------

Java Threads: ( => current thread )

Other Threads:

=>0x00007fcbd400a000 (exited) JavaThread "Unknown thread" [_thread_in_vm, id=10742, stack(0x00007fcbdc109000,0x00007fcbdc20a000)]

VM state:not at safepoint (not fully initialized)

VM Mutex/Monitor currently owned by a thread: None

GC Heap History (0 events):
No events

Deoptimization events (0 events):
No events

Internal exceptions (0 events):
No events

Events (0 events):
No events


Dynamic libraries:
00400000-00401000 r-xp 00000000 ca:01 5145                               /usr/lib/jvm/java-7-openjdk-amd64/jre/bin/java
00600000-00601000 r--p 00000000 ca:01 5145                               /usr/lib/jvm/java-7-openjdk-amd64/jre/bin/java
00601000-00602000 rw-p 00001000 ca:01 5145                               /usr/lib/jvm/java-7-openjdk-amd64/jre/bin/java
02034000-02055000 rw-p 00000000 00:00 0                                  [heap]
d94a0000-100000000 rw-p 00000000 00:00 0 
7fcbd1000000-7fcbd1270000 rwxp 00000000 00:00 0 
7fcbd1270000-7fcbd4022000 rw-p 00000000 00:00 0 
7fcbd4022000-7fcbd8000000 ---p 00000000 00:00 0 
7fcbd8b9c000-7fcbd8d25000 rw-p 00000000 00:00 0 
7fcbd8d25000-7fcbd8d26000 rw-p 00000000 00:00 0 
7fcbd8d26000-7fcbd8d2e000 r-xp 00000000 ca:01 5100                       /usr/lib/jvm/java-7-openjdk-amd64/jre/lib/amd64/libzip.so
7fcbd8d2e000-7fcbd8f2d000 ---p 00008000 ca:01 5100                       /usr/lib/jvm/java-7-openjdk-amd64/jre/lib/amd64/libzip.so
7fcbd8f2d000-7fcbd8f2e000 r--p 00007000 ca:01 5100                       /usr/lib/jvm/java-7-openjdk-amd64/jre/lib/amd64/libzip.so
7fcbd8f2e000-7fcbd8f2f000 rw-p 00008000 ca:01 5100                       /usr/lib/jvm/java-7-openjdk-amd64/jre/lib/amd64/libzip.so
7fcbd8f2f000-7fcbd8f39000 r-xp 00000000 ca:01 411044                     /lib/x86_64-linux-gnu/libnss_files-2.19.so
7fcbd8f39000-7fcbd9138000 ---p 0000a000 ca:01 411044                     /lib/x86_64-linux-gnu/libnss_files-2.19.so
7fcbd9138000-7fcbd9139000 r--p 00009000 ca:01 411044                     /lib/x86_64-linux-gnu/libnss_files-2.19.so
7fcbd9139000-7fcbd913a000 rw-p 0000a000 ca:01 411044                     /lib/x86_64-linux-gnu/libnss_files-2.19.so
7fcbd913a000-7fcbd9145000 r-xp 00000000 ca:01 411035                     /lib/x86_64-linux-gnu/libnss_nis-2.19.so
7fcbd9145000-7fcbd9344000 ---p 0000b000 ca:01 411035                     /lib/x86_64-linux-gnu/libnss_nis-2.19.so
7fcbd9344000-7fcbd9345000 r--p 0000a000 ca:01 411035                     /lib/x86_64-linux-gnu/libnss_nis-2.19.so
7fcbd9345000-7fcbd9346000 rw-p 0000b000 ca:01 411035                     /lib/x86_64-linux-gnu/libnss_nis-2.19.so
7fcbd9346000-7fcbd935d000 r-xp 00000000 ca:01 411030                     /lib/x86_64-linux-gnu/libnsl-2.19.so
7fcbd935d000-7fcbd955c000 ---p 00017000 ca:01 411030                     /lib/x86_64-linux-gnu/libnsl-2.19.so
7fcbd955c000-7fcbd955d000 r--p 00016000 ca:01 411030                     /lib/x86_64-linux-gnu/libnsl-2.19.so
7fcbd955d000-7fcbd955e000 rw-p 00017000 ca:01 411030                     /lib/x86_64-linux-gnu/libnsl-2.19.so
7fcbd955e000-7fcbd9560000 rw-p 00000000 00:00 0 
7fcbd9560000-7fcbd9569000 r-xp 00000000 ca:01 411029                     /lib/x86_64-linux-gnu/libnss_compat-2.19.so
7fcbd9569000-7fcbd9768000 ---p 00009000 ca:01 411029                     /lib/x86_64-linux-gnu/libnss_compat-2.19.so
7fcbd9768000-7fcbd9769000 r--p 00008000 ca:01 411029                     /lib/x86_64-linux-gnu/libnss_compat-2.19.so
7fcbd9769000-7fcbd976a000 rw-p 00009000 ca:01 411029                     /lib/x86_64-linux-gnu/libnss_compat-2.19.so
7fcbd976a000-7fcbd9794000 r-xp 00000000 ca:01 5072                       /usr/lib/jvm/java-7-openjdk-amd64/jre/lib/amd64/libjava.so
7fcbd9794000-7fcbd9994000 ---p 0002a000 ca:01 5072                       /usr/lib/jvm/java-7-openjdk-amd64/jre/lib/amd64/libjava.so
7fcbd9994000-7fcbd9995000 r--p 0002a000 ca:01 5072                       /usr/lib/jvm/java-7-openjdk-amd64/jre/lib/amd64/libjava.so
7fcbd9995000-7fcbd9997000 rw-p 0002b000 ca:01 5072                       /usr/lib/jvm/java-7-openjdk-amd64/jre/lib/amd64/libjava.so
7fcbd9997000-7fcbd99a7000 r-xp 00000000 ca:01 5136                       /usr/lib/jvm/java-7-openjdk-amd64/jre/lib/amd64/libverify.so
7fcbd99a7000-7fcbd9ba6000 ---p 00010000 ca:01 5136                       /usr/lib/jvm/java-7-openjdk-amd64/jre/lib/amd64/libverify.so
7fcbd9ba6000-7fcbd9ba8000 r--p 0000f000 ca:01 5136                       /usr/lib/jvm/java-7-openjdk-amd64/jre/lib/amd64/libverify.so
7fcbd9ba8000-7fcbd9ba9000 rw-p 00011000 ca:01 5136                       /usr/lib/jvm/java-7-openjdk-amd64/jre/lib/amd64/libverify.so
7fcbd9ba9000-7fcbd9bb0000 r-xp 00000000 ca:01 411040                     /lib/x86_64-linux-gnu/librt-2.19.so
7fcbd9bb0000-7fcbd9daf000 ---p 00007000 ca:01 411040                     /lib/x86_64-linux-gnu/librt-2.19.so
7fcbd9daf000-7fcbd9db0000 r--p 00006000 ca:01 411040                     /lib/x86_64-linux-gnu/librt-2.19.so
7fcbd9db0000-7fcbd9db1000 rw-p 00007000 ca:01 411040                     /lib/x86_64-linux-gnu/librt-2.19.so
7fcbd9db1000-7fcbd9dc7000 r-xp 00000000 ca:01 396061                     /lib/x86_64-linux-gnu/libgcc_s.so.1
7fcbd9dc7000-7fcbd9fc6000 ---p 00016000 ca:01 396061                     /lib/x86_64-linux-gnu/libgcc_s.so.1
7fcbd9fc6000-7fcbd9fc7000 rw-p 00015000 ca:01 396061                     /lib/x86_64-linux-gnu/libgcc_s.so.1
7fcbd9fc7000-7fcbda0cc000 r-xp 00000000 ca:01 411018                     /lib/x86_64-linux-gnu/libm-2.19.so
7fcbda0cc000-7fcbda2cb000 ---p 00105000 ca:01 411018                     /lib/x86_64-linux-gnu/libm-2.19.so
7fcbda2cb000-7fcbda2cc000 r--p 00104000 ca:01 411018                     /lib/x86_64-linux-gnu/libm-2.19.so
7fcbda2cc000-7fcbda2cd000 rw-p 00105000 ca:01 411018                     /lib/x86_64-linux-gnu/libm-2.19.so
7fcbda2cd000-7fcbda3b3000 r-xp 00000000 ca:01 861                        /usr/lib/x86_64-linux-gnu/libstdc++.so.6.0.19
7fcbda3b3000-7fcbda5b2000 ---p 000e6000 ca:01 861                        /usr/lib/x86_64-linux-gnu/libstdc++.so.6.0.19
7fcbda5b2000-7fcbda5ba000 r--p 000e5000 ca:01 861                        /usr/lib/x86_64-linux-gnu/libstdc++.so.6.0.19
7fcbda5ba000-7fcbda5bc000 rw-p 000ed000 ca:01 861                        /usr/lib/x86_64-linux-gnu/libstdc++.so.6.0.19
7fcbda5bc000-7fcbda5d1000 rw-p 00000000 00:00 0 
7fcbda5d1000-7fcbdb0ff000 r-xp 00000000 ca:01 5098                       /usr/lib/jvm/java-7-openjdk-amd64/jre/lib/amd64/server/libjvm.so
7fcbdb0ff000-7fcbdb2ff000 ---p 00b2e000 ca:01 5098                       /usr/lib/jvm/java-7-openjdk-amd64/jre/lib/amd64/server/libjvm.so
7fcbdb2ff000-7fcbdb399000 r--p 00b2e000 ca:01 5098                       /usr/lib/jvm/java-7-openjdk-amd64/jre/lib/amd64/server/libjvm.so
7fcbdb399000-7fcbdb3bc000 rw-p 00bc8000 ca:01 5098                       /usr/lib/jvm/java-7-openjdk-amd64/jre/lib/amd64/server/libjvm.so
7fcbdb3bc000-7fcbdb3eb000 rw-p 00000000 00:00 0 
7fcbdb3eb000-7fcbdb403000 r-xp 00000000 ca:01 396120                     /lib/x86_64-linux-gnu/libz.so.1.2.8
7fcbdb403000-7fcbdb602000 ---p 00018000 ca:01 396120                     /lib/x86_64-linux-gnu/libz.so.1.2.8
7fcbdb602000-7fcbdb603000 r--p 00017000 ca:01 396120                     /lib/x86_64-linux-gnu/libz.so.1.2.8
7fcbdb603000-7fcbdb604000 rw-p 00018000 ca:01 396120                     /lib/x86_64-linux-gnu/libz.so.1.2.8
7fcbdb604000-7fcbdb61d000 r-xp 00000000 ca:01 411031                     /lib/x86_64-linux-gnu/libpthread-2.19.so
7fcbdb61d000-7fcbdb81c000 ---p 00019000 ca:01 411031                     /lib/x86_64-linux-gnu/libpthread-2.19.so
7fcbdb81c000-7fcbdb81d000 r--p 00018000 ca:01 411031                     /lib/x86_64-linux-gnu/libpthread-2.19.so
7fcbdb81d000-7fcbdb81e000 rw-p 00019000 ca:01 411031                     /lib/x86_64-linux-gnu/libpthread-2.19.so
7fcbdb81e000-7fcbdb822000 rw-p 00000000 00:00 0 
7fcbdb822000-7fcbdb825000 r-xp 00000000 ca:01 411025                     /lib/x86_64-linux-gnu/libdl-2.19.so
7fcbdb825000-7fcbdba24000 ---p 00003000 ca:01 411025                     /lib/x86_64-linux-gnu/libdl-2.19.so
7fcbdba24000-7fcbdba25000 r--p 00002000 ca:01 411025                     /lib/x86_64-linux-gnu/libdl-2.19.so
7fcbdba25000-7fcbdba26000 rw-p 00003000 ca:01 411025                     /lib/x86_64-linux-gnu/libdl-2.19.so
7fcbdba26000-7fcbdbbe0000 r-xp 00000000 ca:01 411041                     /lib/x86_64-linux-gnu/libc-2.19.so
7fcbdbbe0000-7fcbdbde0000 ---p 001ba000 ca:01 411041                     /lib/x86_64-linux-gnu/libc-2.19.so
7fcbdbde0000-7fcbdbde4000 r--p 001ba000 ca:01 411041                     /lib/x86_64-linux-gnu/libc-2.19.so
7fcbdbde4000-7fcbdbde6000 rw-p 001be000 ca:01 411041                     /lib/x86_64-linux-gnu/libc-2.19.so
7fcbdbde6000-7fcbdbdeb000 rw-p 00000000 00:00 0 
7fcbdbdeb000-7fcbdbdf8000 r-xp 00000000 ca:01 5078                       /usr/lib/jvm/java-7-openjdk-amd64/jre/lib/amd64/jli/libjli.so
7fcbdbdf8000-7fcbdbff7000 ---p 0000d000 ca:01 5078                       /usr/lib/jvm/java-7-openjdk-amd64/jre/lib/amd64/jli/libjli.so
7fcbdbff7000-7fcbdbff8000 r--p 0000c000 ca:01 5078                       /usr/lib/jvm/java-7-openjdk-amd64/jre/lib/amd64/jli/libjli.so
7fcbdbff8000-7fcbdbff9000 rw-p 0000d000 ca:01 5078                       /usr/lib/jvm/java-7-openjdk-amd64/jre/lib/amd64/jli/libjli.so
7fcbdbff9000-7fcbdc01c000 r-xp 00000000 ca:01 411033                     /lib/x86_64-linux-gnu/ld-2.19.so
7fcbdc047000-7fcbdc053000 rw-p 00000000 00:00 0 
7fcbdc053000-7fcbdc109000 rw-p 00000000 00:00 0 
7fcbdc109000-7fcbdc10c000 ---p 00000000 00:00 0 
7fcbdc10c000-7fcbdc20f000 rw-p 00000000 00:00 0                          [stack:10742]
7fcbdc20f000-7fcbdc217000 rw-s 00000000 ca:01 15813                      /tmp/hsperfdata_www-data/10741
7fcbdc217000-7fcbdc218000 rw-p 00000000 00:00 0 
7fcbdc218000-7fcbdc219000 r--p 00000000 00:00 0 
7fcbdc219000-7fcbdc21b000 rw-p 00000000 00:00 0 
7fcbdc21b000-7fcbdc21c000 r--p 00022000 ca:01 411033                     /lib/x86_64-linux-gnu/ld-2.19.so
7fcbdc21c000-7fcbdc21d000 rw-p 00023000 ca:01 411033                     /lib/x86_64-linux-gnu/ld-2.19.so
7fcbdc21d000-7fcbdc21e000 rw-p 00000000 00:00 0 
7ffec4612000-7ffec4633000 rw-p 00000000 00:00 0                          [stack]
7ffec47dd000-7ffec47df000 r-xp 00000000 00:00 0                          [vdso]
ffffffffff600000-ffffffffff601000 r-xp 00000000 00:00 0                  [vsyscall]

VM Arguments:
jvm_args: -Xms500M -Xmx620M 
java_command: minecraft_server.jar nogui
Launcher Type: SUN_STANDARD

Environment Variables:
PATH=/usr/local/sbin:/usr/local/bin:/usr/sbin:/usr/bin:/sbin:/bin
SHELL=/bin/sh

Signal Handlers:
SIGSEGV: [libjvm.so+0x95e460], sa_mask[0]=0x7ffbfeff, sa_flags=0x10000004
SIGBUS: [libjvm.so+0x95e460], sa_mask[0]=0x7ffbfeff, sa_flags=0x10000004
SIGFPE: [libjvm.so+0x7d2030], sa_mask[0]=0x7ffbfeff, sa_flags=0x10000004
SIGPIPE: [libjvm.so+0x7d2030], sa_mask[0]=0x7ffbfeff, sa_flags=0x10000004
SIGXFSZ: [libjvm.so+0x7d2030], sa_mask[0]=0x7ffbfeff, sa_flags=0x10000004
SIGILL: [libjvm.so+0x7d2030], sa_mask[0]=0x7ffbfeff, sa_flags=0x10000004
SIGUSR1: SIG_DFL, sa_mask[0]=0x00000000, sa_flags=0x00000000
SIGUSR2: [libjvm.so+0x7d2160], sa_mask[0]=0x00000000, sa_flags=0x10000004
SIGHUP: SIG_DFL, sa_mask[0]=0x00000000, sa_flags=0x00000000
SIGINT: SIG_DFL, sa_mask[0]=0x00000000, sa_flags=0x00000000
SIGTERM: SIG_DFL, sa_mask[0]=0x00000000, sa_flags=0x00000000
SIGQUIT: SIG_DFL, sa_mask[0]=0x00000000, sa_flags=0x00000000
SIGTRAP: SIG_DFL, sa_mask[0]=0x00000000, sa_flags=0x00000000


---------------  S Y S T E M  ---------------

OS:Ubuntu 14.04 (trusty)
uname:Linux 3.13.0-110-generic #157-Ubuntu SMP Mon Feb 20 11:54:05 UTC 2017 x86_64
libc:glibc 2.19 NPTL 2.19 
rlimit: STACK 8192k, CORE 0k, NPROC 7858, NOFILE 8192, AS infinity
load average:10.60 2.89 1.58

/proc/meminfo:
MemTotal:        1016284 kB
MemFree:           81004 kB
Buffers:            4492 kB
Cached:            67432 kB
SwapCached:            0 kB
Active:           852668 kB
Inactive:          36092 kB
Active(anon):     817044 kB
Inactive(anon):     5660 kB
Active(file):      35624 kB
Inactive(file):    30432 kB
Unevictable:           0 kB
Mlocked:               0 kB
SwapTotal:             0 kB
SwapFree:              0 kB
Dirty:               260 kB
Writeback:             0 kB
AnonPages:        816900 kB
Mapped:            21528 kB
Shmem:              5828 kB
Slab:              23160 kB
SReclaimable:      11552 kB
SUnreclaim:        11608 kB
KernelStack:        2048 kB
PageTables:         8836 kB
NFS_Unstable:          0 kB
Bounce:                0 kB
WritebackTmp:          0 kB
CommitLimit:      508140 kB
Committed_AS:    5346472 kB
VmallocTotal:   34359738367 kB
VmallocUsed:        4696 kB
VmallocChunk:   34359727436 kB
HardwareCorrupted:     0 kB
AnonHugePages:    634880 kB
HugePages_Total:       0
HugePages_Free:        0
HugePages_Rsvd:        0
HugePages_Surp:        0
Hugepagesize:       2048 kB
DirectMap4k:       28672 kB
DirectMap2M:     1150976 kB


CPU:total 1 (1 cores per cpu, 1 threads per core) family 6 model 62 stepping 4, cmov, cx8, fxsr, mmx, sse, sse2, sse3, ssse3, sse4.1, sse4.2, popcnt, avx, aes, erms, tsc

/proc/cpuinfo:
processor	: 0
vendor_id	: GenuineIntel
cpu family	: 6
model		: 62
model name	: Intel(R) Xeon(R) CPU E5-2670 v2 @ 2.50GHz
stepping	: 4
microcode	: 0x416
cpu MHz		: 2500.060
cache size	: 25600 KB
physical id	: 0
siblings	: 1
core id		: 0
cpu cores	: 1
apicid		: 0
initial apicid	: 0
fpu		: yes
fpu_exception	: yes
cpuid level	: 13
wp		: yes
flags		: fpu vme de pse tsc msr pae mce cx8 apic sep mtrr pge mca cmov pat pse36 clflush mmx fxsr sse sse2 ht syscall nx rdtscp lm constant_tsc rep_good nopl xtopology eagerfpu pni pclmulqdq ssse3 cx16 pcid sse4_1 sse4_2 x2apic popcnt tsc_deadline_timer aes xsave avx f16c rdrand hypervisor lahf_lm xsaveopt fsgsbase smep erms
bogomips	: 5000.12
clflush size	: 64
cache_alignment	: 64
address sizes	: 46 bits physical, 48 bits virtual
power management:



Memory: 4k page, physical 1016284k(81004k free), swap 0k(0k free)

vm_info: OpenJDK 64-Bit Server VM (24.121-b00) for linux-amd64 JRE (1.7.0_121-b00), built on Feb  7 2017 18:45:58 by "buildd" with gcc 4.8.4

time: Tue Mar 14 21:31:34 2017
elapsed time: 0 seconds

