[09:54:56] [Server thread/INFO]: Starting minecraft server version 1.11.2
[09:54:56] [Server thread/INFO]: Loading properties
[09:54:56] [Server thread/INFO]: Default game type: SURVIVAL
[09:54:56] [Server thread/INFO]: Generating keypair
[09:54:56] [Server thread/INFO]: Starting Minecraft server on *:25565
[09:54:57] [Server thread/INFO]: Using epoll channel type
[09:54:57] [Server thread/INFO]: Preparing level "LifeWorld"
[09:54:57] [Server thread/INFO]: Preparing start region for level 0
[09:54:59] [Server thread/INFO]: Preparing spawn area: 0%
[09:55:00] [Server thread/WARN]: Keeping entity minecraft:chicken that already exists with UUID 51ff6e83-919b-4715-a6b3-80f644de186f
[09:55:00] [Server thread/WARN]: Keeping entity minecraft:rabbit that already exists with UUID 69c574fa-3707-4952-a080-31e3d3e9e3f0
[09:55:00] [Server thread/WARN]: Keeping entity minecraft:chicken that already exists with UUID 2eadced5-5130-46b7-b9bd-721c220c13db
[09:55:00] [Server thread/WARN]: Keeping entity minecraft:rabbit that already exists with UUID ae67e9ce-60f3-46cc-abdb-7ef376f3e9c8
[09:55:00] [Server thread/INFO]: Preparing spawn area: 39%
[09:55:00] [Server thread/WARN]: Keeping entity minecraft:rabbit that already exists with UUID 27a38fcb-d54e-4315-8e25-1e995cdc7cb5
[09:55:00] [Server thread/WARN]: Keeping entity minecraft:chicken that already exists with UUID 79d3043d-be3c-48c5-a9d0-705cf6a1452e
[09:55:00] [Server thread/WARN]: Keeping entity minecraft:rabbit that already exists with UUID 87f6ddf5-a100-4722-be3e-689681f8c866
[09:55:00] [Server thread/WARN]: Keeping entity minecraft:sheep that already exists with UUID 18e84cb6-a864-4e36-9f4c-8c48784f1a8a
[09:55:00] [Server thread/WARN]: Keeping entity minecraft:pig that already exists with UUID 2171fc37-33b2-49de-98ea-d611ef624f6e
[09:55:00] [Server thread/WARN]: Keeping entity minecraft:pig that already exists with UUID 2fc2c6c1-f90c-439b-acc2-a4ede75f731b
[09:55:00] [Server thread/WARN]: Keeping entity minecraft:cow that already exists with UUID 73d3089f-1623-430f-b267-d1ca1193e15a
[09:55:01] [Server thread/WARN]: Keeping entity minecraft:pig that already exists with UUID 4038bb46-cb71-4d0e-9671-4f61d95da345
[09:55:01] [Server thread/WARN]: Keeping entity minecraft:chicken that already exists with UUID 05fb4288-1a54-4573-b2a9-12dda3d2a978
[09:55:01] [Server thread/WARN]: Keeping entity minecraft:cow that already exists with UUID 9295e7fe-2a79-4a24-975c-4e853fc1df37
[09:55:01] [Server thread/INFO]: Preparing spawn area: 84%
[09:55:01] [Server thread/WARN]: Keeping entity minecraft:cow that already exists with UUID 7f7c65c3-73ff-4e5d-a6f9-06289c1fead5
[09:55:01] [Server thread/WARN]: Keeping entity minecraft:cow that already exists with UUID aa59f57f-50f5-49f9-8e4f-e6737afc24f8
[09:55:01] [Server thread/INFO]: Done (4.532s)! For help, type "help" or "?"
[09:55:01] [Server thread/INFO]: Starting GS4 status listener
[09:55:01] [Server thread/INFO]: Starting remote control listener
[09:55:01] [Query Listener #1/INFO]: Query running on 0.0.0.0:25566
[09:55:02] [RCON Listener #2/INFO]: RCON running on 0.0.0.0:25567
[09:55:12] [User Authenticator #1/INFO]: UUID of player begarco is 91aa6f06-b798-4f94-9d30-72625ce4bc44
[09:55:13] [Server thread/WARN]: Invalid statistic in ./LifeWorld/stats/91aa6f06-b798-4f94-9d30-72625ce4bc44.json: Don't know what stat.killEntity.EntityHorse is
[09:55:13] [Server thread/INFO]: begarco[/92.171.81.189:50203] logged in with entity id 440 at (13628.923467808445, 77.0, -958.5447806732172)
[09:55:13] [Server thread/INFO]: begarco joined the game
[09:56:48] [Server thread/INFO]: begarco lost connection: TextComponent{text='Disconnected', siblings=[], style=Style{hasParent=false, color=null, bold=null, italic=null, underlined=null, obfuscated=null, clickEvent=null, hoverEvent=null, insertion=null}}
[09:56:48] [Server thread/INFO]: begarco left the game
